# JRE version: OpenJDK Runtime Environment (8.0_242-b08) (build 1.8.0_242-b08)
# Java VM: OpenJDK 64-Bit Server VM (25.242-b08 mixed mode linux-amd64 compressed oops)
Heap:
 PSYoungGen      total 179200K, used 13282K [0x00000000eab00000, 0x00000000f6d00000, 0x0000000100000000)
  eden space 165888K, 0% used [0x00000000eab00000,0x00000000eab00000,0x00000000f4d00000)
  from space 13312K, 99% used [0x00000000f4d00000,0x00000000f59f8bf8,0x00000000f5a00000)
  to   space 11264K, 0% used [0x00000000f5a00000,0x00000000f5a00000,0x00000000f6500000)
 ParOldGen       total 58880K, used 19576K [0x00000000c0000000, 0x00000000c3980000, 0x00000000eab00000)
  object space 58880K, 33% used [0x00000000c0000000,0x00000000c131e270,0x00000000c3980000)
 Metaspace       used 77468K, capacity 77964K, committed 78336K, reserved 1116160K
  class space    used 11029K, capacity 11158K, committed 11264K, reserved 1048576K
GC Heap History (39 events):
Event: 1.704 GC heap before
{Heap before GC invocations=1 (full 0):
 PSYoungGen      total 17920K, used 15360K [0x00000000eab00000, 0x00000000ebf00000, 0x0000000100000000)
  eden space 15360K, 100% used [0x00000000eab00000,0x00000000eba00000,0x00000000eba00000)
  from space 2560K, 0% used [0x00000000ebc80000,0x00000000ebc80000,0x00000000ebf00000)
  to   space 2560K, 0% used [0x00000000eba00000,0x00000000eba00000,0x00000000ebc80000)
 ParOldGen       total 40960K, used 0K [0x00000000c0000000, 0x00000000c2800000, 0x00000000eab00000)
  object space 40960K, 0% used [0x00000000c0000000,0x00000000c0000000,0x00000000c2800000)
 Metaspace       used 4805K, capacity 5836K, committed 6016K, reserved 1056768K
  class space    used 493K, capacity 584K, committed 640K, reserved 1048576K
Event: 1.709 GC heap after
Heap after GC invocations=1 (full 0):
 PSYoungGen      total 17920K, used 2533K [0x00000000eab00000, 0x00000000ebf00000, 0x0000000100000000)
  eden space 15360K, 0% used [0x00000000eab00000,0x00000000eab00000,0x00000000eba00000)
  from space 2560K, 98% used [0x00000000eba00000,0x00000000ebc796b0,0x00000000ebc80000)
  to   space 2560K, 0% used [0x00000000ebc80000,0x00000000ebc80000,0x00000000ebf00000)
 ParOldGen       total 40960K, used 0K [0x00000000c0000000, 0x00000000c2800000, 0x00000000eab00000)
  object space 40960K, 0% used [0x00000000c0000000,0x00000000c0000000,0x00000000c2800000)
 Metaspace       used 4805K, capacity 5836K, committed 6016K, reserved 1056768K
  class space    used 493K, capacity 584K, committed 640K, reserved 1048576K
}
Event: 2.364 GC heap before
{Heap before GC invocations=2 (full 0):
 PSYoungGen      total 17920K, used 17893K [0x00000000eab00000, 0x00000000ebf00000, 0x0000000100000000)
  eden space 15360K, 100% used [0x00000000eab00000,0x00000000eba00000,0x00000000eba00000)
  from space 2560K, 98% used [0x00000000eba00000,0x00000000ebc796b0,0x00000000ebc80000)
  to   space 2560K, 0% used [0x00000000ebc80000,0x00000000ebc80000,0x00000000ebf00000)
 ParOldGen       total 40960K, used 0K [0x00000000c0000000, 0x00000000c2800000, 0x00000000eab00000)
  object space 40960K, 0% used [0x00000000c0000000,0x00000000c0000000,0x00000000c2800000)
 Metaspace       used 7707K, capacity 7828K, committed 8064K, reserved 1056768K
  class space    used 1017K, capacity 1040K, committed 1152K, reserved 1048576K
Event: 2.368 GC heap after
Heap after GC invocations=2 (full 0):
 PSYoungGen      total 17920K, used 2532K [0x00000000eab00000, 0x00000000ebf00000, 0x0000000100000000)
  eden space 15360K, 0% used [0x00000000eab00000,0x00000000eab00000,0x00000000eba00000)
  from space 2560K, 98% used [0x00000000ebc80000,0x00000000ebef9148,0x00000000ebf00000)
  to   space 2560K, 0% used [0x00000000eba00000,0x00000000eba00000,0x00000000ebc80000)
 ParOldGen       total 40960K, used 378K [0x00000000c0000000, 0x00000000c2800000, 0x00000000eab00000)
  object space 40960K, 0% used [0x00000000c0000000,0x00000000c005e950,0x00000000c2800000)
 Metaspace       used 7707K, capacity 7828K, committed 8064K, reserved 1056768K
  class space    used 1017K, capacity 1040K, committed 1152K, reserved 1048576K
}
Event: 3.016 GC heap before
{Heap before GC invocations=3 (full 0):
 PSYoungGen      total 17920K, used 17892K [0x00000000eab00000, 0x00000000ebf00000, 0x0000000100000000)
  eden space 15360K, 100% used [0x00000000eab00000,0x00000000eba00000,0x00000000eba00000)
  from space 2560K, 98% used [0x00000000ebc80000,0x00000000ebef9148,0x00000000ebf00000)
  to   space 2560K, 0% used [0x00000000eba00000,0x00000000eba00000,0x00000000ebc80000)
 ParOldGen       total 40960K, used 378K [0x00000000c0000000, 0x00000000c2800000, 0x00000000eab00000)
  object space 40960K, 0% used [0x00000000c0000000,0x00000000c005e950,0x00000000c2800000)
 Metaspace       used 9883K, capacity 10020K, committed 10112K, reserved 1058816K
  class space    used 1323K, capacity 1360K, committed 1408K, reserved 1048576K
Event: 3.019 GC heap after
Heap after GC invocations=3 (full 0):
 PSYoungGen      total 17920K, used 2546K [0x00000000eab00000, 0x00000000ebf00000, 0x0000000100000000)
  eden space 15360K, 0% used [0x00000000eab00000,0x00000000eab00000,0x00000000eba00000)
  from space 2560K, 99% used [0x00000000eba00000,0x00000000ebc7caa0,0x00000000ebc80000)
  to   space 2560K, 0% used [0x00000000ebc80000,0x00000000ebc80000,0x00000000ebf00000)
 ParOldGen       total 40960K, used 652K [0x00000000c0000000, 0x00000000c2800000, 0x00000000eab00000)
  object space 40960K, 1% used [0x00000000c0000000,0x00000000c00a31f8,0x00000000c2800000)
 Metaspace       used 9883K, capacity 10020K, committed 10112K, reserved 1058816K
  class space    used 1323K, capacity 1360K, committed 1408K, reserved 1048576K
}
Event: 3.380 GC heap before
{Heap before GC invocations=4 (full 0):
 PSYoungGen      total 17920K, used 17906K [0x00000000eab00000, 0x00000000ebf00000, 0x0000000100000000)
  eden space 15360K, 100% used [0x00000000eab00000,0x00000000eba00000,0x00000000eba00000)
  from space 2560K, 99% used [0x00000000eba00000,0x00000000ebc7caa0,0x00000000ebc80000)
  to   space 2560K, 0% used [0x00000000ebc80000,0x00000000ebc80000,0x00000000ebf00000)
 ParOldGen       total 40960K, used 652K [0x00000000c0000000, 0x00000000c2800000, 0x00000000eab00000)
  object space 40960K, 1% used [0x00000000c0000000,0x00000000c00a31f8,0x00000000c2800000)
 Metaspace       used 11517K, capacity 11588K, committed 11904K, reserved 1058816K
  class space    used 1554K, capacity 1584K, committed 1664K, reserved 1048576K
Event: 3.388 GC heap after
Heap after GC invocations=4 (full 0):
 PSYoungGen      total 17920K, used 2533K [0x00000000eab00000, 0x00000000ebf00000, 0x0000000100000000)
  eden space 15360K, 0% used [0x00000000eab00000,0x00000000eab00000,0x00000000eba00000)
  from space 2560K, 98% used [0x00000000ebc80000,0x00000000ebef9510,0x00000000ebf00000)
  to   space 2560K, 0% used [0x00000000eba00000,0x00000000eba00000,0x00000000ebc80000)
 ParOldGen       total 40960K, used 1197K [0x00000000c0000000, 0x00000000c2800000, 0x00000000eab00000)
  object space 40960K, 2% used [0x00000000c0000000,0x00000000c012b450,0x00000000c2800000)
 Metaspace       used 11517K, capacity 11588K, committed 11904K, reserved 1058816K
  class space    used 1554K, capacity 1584K, committed 1664K, reserved 1048576K
}
Event: 3.825 GC heap before
{Heap before GC invocations=5 (full 0):
 PSYoungGen      total 17920K, used 17893K [0x00000000eab00000, 0x00000000ebf00000, 0x0000000100000000)
  eden space 15360K, 100% used [0x00000000eab00000,0x00000000eba00000,0x00000000eba00000)
  from space 2560K, 98% used [0x00000000ebc80000,0x00000000ebef9510,0x00000000ebf00000)
  to   space 2560K, 0% used [0x00000000eba00000,0x00000000eba00000,0x00000000ebc80000)
 ParOldGen       total 40960K, used 1197K [0x00000000c0000000, 0x00000000c2800000, 0x00000000eab00000)
  object space 40960K, 2% used [0x00000000c0000000,0x00000000c012b450,0x00000000c2800000)
 Metaspace       used 13668K, capacity 13764K, committed 14080K, reserved 1060864K
  class space    used 1933K, capacity 1968K, committed 2048K, reserved 1048576K
Event: 3.833 GC heap after
Heap after GC invocations=5 (full 0):
 PSYoungGen      total 17920K, used 2542K [0x00000000eab00000, 0x00000000ed100000, 0x0000000100000000)
  eden space 15360K, 0% used [0x00000000eab00000,0x00000000eab00000,0x00000000eba00000)
  from space 2560K, 99% used [0x00000000eba00000,0x00000000ebc7b9c8,0x00000000ebc80000)
  to   space 4096K, 0% used [0x00000000ecd00000,0x00000000ecd00000,0x00000000ed100000)
 ParOldGen       total 40960K, used 2781K [0x00000000c0000000, 0x00000000c2800000, 0x00000000eab00000)
  object space 40960K, 6% used [0x00000000c0000000,0x00000000c02b76f8,0x00000000c2800000)
 Metaspace       used 13668K, capacity 13764K, committed 14080K, reserved 1060864K
  class space    used 1933K, capacity 1968K, committed 2048K, reserved 1048576K
}
Event: 4.193 GC heap before
{Heap before GC invocations=6 (full 0):
 PSYoungGen      total 17920K, used 17902K [0x00000000eab00000, 0x00000000ed100000, 0x0000000100000000)
  eden space 15360K, 100% used [0x00000000eab00000,0x00000000eba00000,0x00000000eba00000)
  from space 2560K, 99% used [0x00000000eba00000,0x00000000ebc7b9c8,0x00000000ebc80000)
  to   space 4096K, 0% used [0x00000000ecd00000,0x00000000ecd00000,0x00000000ed100000)
 ParOldGen       total 40960K, used 2781K [0x00000000c0000000, 0x00000000c2800000, 0x00000000eab00000)
  object space 40960K, 6% used [0x00000000c0000000,0x00000000c02b76f8,0x00000000c2800000)
 Metaspace       used 15254K, capacity 15332K, committed 15488K, reserved 1062912K
  class space    used 2122K, capacity 2128K, committed 2176K, reserved 1048576K
Event: 4.199 GC heap after
Heap after GC invocations=6 (full 0):
 PSYoungGen      total 34304K, used 3537K [0x00000000eab00000, 0x00000000ed200000, 0x0000000100000000)
  eden space 30208K, 0% used [0x00000000eab00000,0x00000000eab00000,0x00000000ec880000)
  from space 4096K, 86% used [0x00000000ecd00000,0x00000000ed0744f0,0x00000000ed100000)
  to   space 4608K, 0% used [0x00000000ec880000,0x00000000ec880000,0x00000000ecd00000)
 ParOldGen       total 40960K, used 2789K [0x00000000c0000000, 0x00000000c2800000, 0x00000000eab00000)
  object space 40960K, 6% used [0x00000000c0000000,0x00000000c02b96f8,0x00000000c2800000)
 Metaspace       used 15254K, capacity 15332K, committed 15488K, reserved 1062912K
  class space    used 2122K, capacity 2128K, committed 2176K, reserved 1048576K
}
Event: 4.728 GC heap before
{Heap before GC invocations=7 (full 0):
 PSYoungGen      total 34304K, used 33745K [0x00000000eab00000, 0x00000000ed200000, 0x0000000100000000)
  eden space 30208K, 100% used [0x00000000eab00000,0x00000000ec880000,0x00000000ec880000)
  from space 4096K, 86% used [0x00000000ecd00000,0x00000000ed0744f0,0x00000000ed100000)
  to   space 4608K, 0% used [0x00000000ec880000,0x00000000ec880000,0x00000000ecd00000)
 ParOldGen       total 40960K, used 2789K [0x00000000c0000000, 0x00000000c2800000, 0x00000000eab00000)
  object space 40960K, 6% used [0x00000000c0000000,0x00000000c02b96f8,0x00000000c2800000)
 Metaspace       used 17404K, capacity 17584K, committed 17920K, reserved 1064960K
  class space    used 2375K, capacity 2470K, committed 2560K, reserved 1048576K
Event: 4.734 GC heap after
Heap after GC invocations=7 (full 0):
 PSYoungGen      total 34816K, used 3543K [0x00000000eab00000, 0x00000000eef00000, 0x0000000100000000)
  eden space 30208K, 0% used [0x00000000eab00000,0x00000000eab00000,0x00000000ec880000)
  from space 4608K, 76% used [0x00000000ec880000,0x00000000ecbf5db8,0x00000000ecd00000)
  to   space 4608K, 0% used [0x00000000eea80000,0x00000000eea80000,0x00000000eef00000)
 ParOldGen       total 40960K, used 3910K [0x00000000c0000000, 0x00000000c2800000, 0x00000000eab00000)
  object space 40960K, 9% used [0x00000000c0000000,0x00000000c03d1990,0x00000000c2800000)
 Metaspace       used 17404K, capacity 17584K, committed 17920K, reserved 1064960K
  class space    used 2375K, capacity 2470K, committed 2560K, reserved 1048576K
}
Event: 5.429 GC heap before
{Heap before GC invocations=8 (full 0):
 PSYoungGen      total 34816K, used 33751K [0x00000000eab00000, 0x00000000eef00000, 0x0000000100000000)
  eden space 30208K, 100% used [0x00000000eab00000,0x00000000ec880000,0x00000000ec880000)
  from space 4608K, 76% used [0x00000000ec880000,0x00000000ecbf5db8,0x00000000ecd00000)
  to   space 4608K, 0% used [0x00000000eea80000,0x00000000eea80000,0x00000000eef00000)
 ParOldGen       total 40960K, used 3910K [0x00000000c0000000, 0x00000000c2800000, 0x00000000eab00000)
  object space 40960K, 9% used [0x00000000c0000000,0x00000000c03d1990,0x00000000c2800000)
 Metaspace       used 20042K, capacity 20272K, committed 20480K, reserved 1067008K
  class space    used 2710K, capacity 2790K, committed 2816K, reserved 1048576K
Event: 5.443 GC heap after
Heap after GC invocations=8 (full 0):
 PSYoungGen      total 65024K, used 3970K [0x00000000eab00000, 0x00000000eef00000, 0x0000000100000000)
  eden space 60416K, 0% used [0x00000000eab00000,0x00000000eab00000,0x00000000ee600000)
  from space 4608K, 86% used [0x00000000eea80000,0x00000000eee60b58,0x00000000eef00000)
  to   space 4608K, 0% used [0x00000000ee600000,0x00000000ee600000,0x00000000eea80000)
 ParOldGen       total 40960K, used 4550K [0x00000000c0000000, 0x00000000c2800000, 0x00000000eab00000)
  object space 40960K, 11% used [0x00000000c0000000,0x00000000c04719a0,0x00000000c2800000)
 Metaspace       used 20042K, capacity 20272K, committed 20480K, reserved 1067008K
  class space    used 2710K, capacity 2790K, committed 2816K, reserved 1048576K
}
Event: 5.631 GC heap before
{Heap before GC invocations=9 (full 0):
 PSYoungGen      total 65024K, used 11028K [0x00000000eab00000, 0x00000000eef00000, 0x0000000100000000)
  eden space 60416K, 11% used [0x00000000eab00000,0x00000000eb1e44f8,0x00000000ee600000)
  from space 4608K, 86% used [0x00000000eea80000,0x00000000eee60b58,0x00000000eef00000)
  to   space 4608K, 0% used [0x00000000ee600000,0x00000000ee600000,0x00000000eea80000)
 ParOldGen       total 40960K, used 4550K [0x00000000c0000000, 0x00000000c2800000, 0x00000000eab00000)
  object space 40960K, 11% used [0x00000000c0000000,0x00000000c04719a0,0x00000000c2800000)
 Metaspace       used 20956K, capacity 21104K, committed 21296K, reserved 1067008K
  class space    used 2849K, capacity 2918K, committed 2944K, reserved 1048576K
Event: 5.636 GC heap after
Heap after GC invocations=9 (full 0):
 PSYoungGen      total 65024K, used 1951K [0x00000000eab00000, 0x00000000f1280000, 0x0000000100000000)
  eden space 60416K, 0% used [0x00000000eab00000,0x00000000eab00000,0x00000000ee600000)
  from space 4608K, 42% used [0x00000000ee600000,0x00000000ee7e7e48,0x00000000eea80000)
  to   space 4608K, 0% used [0x00000000f0e00000,0x00000000f0e00000,0x00000000f1280000)
 ParOldGen       total 40960K, used 5288K [0x00000000c0000000, 0x00000000c2800000, 0x00000000eab00000)
  object space 40960K, 12% used [0x00000000c0000000,0x00000000c052a1f8,0x00000000c2800000)
 Metaspace       used 20956K, capacity 21104K, committed 21296K, reserved 1067008K
  class space    used 2849K, capacity 2918K, committed 2944K, reserved 1048576K
}
Event: 5.636 GC heap before
{Heap before GC invocations=10 (full 1):
 PSYoungGen      total 65024K, used 1951K [0x00000000eab00000, 0x00000000f1280000, 0x0000000100000000)
  eden space 60416K, 0% used [0x00000000eab00000,0x00000000eab00000,0x00000000ee600000)
  from space 4608K, 42% used [0x00000000ee600000,0x00000000ee7e7e48,0x00000000eea80000)
  to   space 4608K, 0% used [0x00000000f0e00000,0x00000000f0e00000,0x00000000f1280000)
 ParOldGen       total 40960K, used 5288K [0x00000000c0000000, 0x00000000c2800000, 0x00000000eab00000)
  object space 40960K, 12% used [0x00000000c0000000,0x00000000c052a1f8,0x00000000c2800000)
 Metaspace       used 20956K, capacity 21104K, committed 21296K, reserved 1067008K
  class space    used 2849K, capacity 2918K, committed 2944K, reserved 1048576K
Event: 5.701 GC heap after
Heap after GC invocations=10 (full 1):
 PSYoungGen      total 65024K, used 0K [0x00000000eab00000, 0x00000000f1280000, 0x0000000100000000)
  eden space 60416K, 0% used [0x00000000eab00000,0x00000000eab00000,0x00000000ee600000)
  from space 4608K, 0% used [0x00000000ee600000,0x00000000ee600000,0x00000000eea80000)
  to   space 4608K, 0% used [0x00000000f0e00000,0x00000000f0e00000,0x00000000f1280000)
 ParOldGen       total 27648K, used 4353K [0x00000000c0000000, 0x00000000c1b00000, 0x00000000eab00000)
  object space 27648K, 15% used [0x00000000c0000000,0x00000000c0440418,0x00000000c1b00000)
 Metaspace       used 20956K, capacity 21104K, committed 21296K, reserved 1067008K
  class space    used 2849K, capacity 2918K, committed 2944K, reserved 1048576K
}
Event: 7.063 GC heap before
{Heap before GC invocations=11 (full 1):
 PSYoungGen      total 65024K, used 60416K [0x00000000eab00000, 0x00000000f1280000, 0x0000000100000000)
  eden space 60416K, 100% used [0x00000000eab00000,0x00000000ee600000,0x00000000ee600000)
  from space 4608K, 0% used [0x00000000ee600000,0x00000000ee600000,0x00000000eea80000)
  to   space 4608K, 0% used [0x00000000f0e00000,0x00000000f0e00000,0x00000000f1280000)
 ParOldGen       total 27648K, used 4353K [0x00000000c0000000, 0x00000000c1b00000, 0x00000000eab00000)
  object space 27648K, 15% used [0x00000000c0000000,0x00000000c0440418,0x00000000c1b00000)
 Metaspace       used 29010K, capacity 29220K, committed 29440K, reserved 1075200K
  class space    used 4008K, capacity 4082K, committed 4096K, reserved 1048576K
Event: 7.082 GC heap after
Heap after GC invocations=11 (full 1):
 PSYoungGen      total 86528K, used 4593K [0x00000000eab00000, 0x00000000f1280000, 0x0000000100000000)
  eden space 81920K, 0% used [0x00000000eab00000,0x00000000eab00000,0x00000000efb00000)
  from space 4608K, 99% used [0x00000000f0e00000,0x00000000f127c408,0x00000000f1280000)
  to   space 6144K, 0% used [0x00000000f0680000,0x00000000f0680000,0x00000000f0c80000)
 ParOldGen       total 27648K, used 7404K [0x00000000c0000000, 0x00000000c1b00000, 0x00000000eab00000)
  object space 27648K, 26% used [0x00000000c0000000,0x00000000c073b270,0x00000000c1b00000)
 Metaspace       used 29010K, capacity 29220K, committed 29440K, reserved 1075200K
  class space    used 4008K, capacity 4082K, committed 4096K, reserved 1048576K
}
Event: 9.192 GC heap before
{Heap before GC invocations=12 (full 1):
 PSYoungGen      total 86528K, used 76350K [0x00000000eab00000, 0x00000000f1280000, 0x0000000100000000)
  eden space 81920K, 87% used [0x00000000eab00000,0x00000000ef113538,0x00000000efb00000)
  from space 4608K, 99% used [0x00000000f0e00000,0x00000000f127c408,0x00000000f1280000)
  to   space 6144K, 0% used [0x00000000f0680000,0x00000000f0680000,0x00000000f0c80000)
 ParOldGen       total 27648K, used 7404K [0x00000000c0000000, 0x00000000c1b00000, 0x00000000eab00000)
  object space 27648K, 26% used [0x00000000c0000000,0x00000000c073b270,0x00000000c1b00000)
 Metaspace       used 35069K, capacity 35282K, committed 35496K, reserved 1079296K
  class space    used 4754K, capacity 4821K, committed 4864K, reserved 1048576K
Event: 9.203 GC heap after
Heap after GC invocations=12 (full 1):
 PSYoungGen      total 99840K, used 6139K [0x00000000eab00000, 0x00000000f2500000, 0x0000000100000000)
  eden space 93696K, 0% used [0x00000000eab00000,0x00000000eab00000,0x00000000f0680000)
  from space 6144K, 99% used [0x00000000f0680000,0x00000000f0c7ef68,0x00000000f0c80000)
  to   space 8192K, 0% used [0x00000000f1d00000,0x00000000f1d00000,0x00000000f2500000)
 ParOldGen       total 27648K, used 11043K [0x00000000c0000000, 0x00000000c1b00000, 0x00000000eab00000)
  object space 27648K, 39% used [0x00000000c0000000,0x00000000c0ac8dd0,0x00000000c1b00000)
 Metaspace       used 35069K, capacity 35282K, committed 35496K, reserved 1079296K
  class space    used 4754K, capacity 4821K, committed 4864K, reserved 1048576K
}
Event: 9.203 GC heap before
{Heap before GC invocations=13 (full 2):
 PSYoungGen      total 99840K, used 6139K [0x00000000eab00000, 0x00000000f2500000, 0x0000000100000000)
  eden space 93696K, 0% used [0x00000000eab00000,0x00000000eab00000,0x00000000f0680000)
  from space 6144K, 99% used [0x00000000f0680000,0x00000000f0c7ef68,0x00000000f0c80000)
  to   space 8192K, 0% used [0x00000000f1d00000,0x00000000f1d00000,0x00000000f2500000)
 ParOldGen       total 27648K, used 11043K [0x00000000c0000000, 0x00000000c1b00000, 0x00000000eab00000)
  object space 27648K, 39% used [0x00000000c0000000,0x00000000c0ac8dd0,0x00000000c1b00000)
 Metaspace       used 35069K, capacity 35282K, committed 35496K, reserved 1079296K
  class space    used 4754K, capacity 4821K, committed 4864K, reserved 1048576K
Event: 9.257 GC heap after
Heap after GC invocations=13 (full 2):
 PSYoungGen      total 99840K, used 0K [0x00000000eab00000, 0x00000000f2500000, 0x0000000100000000)
  eden space 93696K, 0% used [0x00000000eab00000,0x00000000eab00000,0x00000000f0680000)
  from space 6144K, 0% used [0x00000000f0680000,0x00000000f0680000,0x00000000f0c80000)
  to   space 8192K, 0% used [0x00000000f1d00000,0x00000000f1d00000,0x00000000f2500000)
 ParOldGen       total 49152K, used 13040K [0x00000000c0000000, 0x00000000c3000000, 0x00000000eab00000)
  object space 49152K, 26% used [0x00000000c0000000,0x00000000c0cbc268,0x00000000c3000000)
 Metaspace       used 35069K, capacity 35282K, committed 35496K, reserved 1079296K
  class space    used 4754K, capacity 4821K, committed 4864K, reserved 1048576K
}
Event: 21.007 GC heap before
{Heap before GC invocations=14 (full 2):
 PSYoungGen      total 99840K, used 93696K [0x00000000eab00000, 0x00000000f2500000, 0x0000000100000000)
  eden space 93696K, 100% used [0x00000000eab00000,0x00000000f0680000,0x00000000f0680000)
  from space 6144K, 0% used [0x00000000f0680000,0x00000000f0680000,0x00000000f0c80000)
  to   space 8192K, 0% used [0x00000000f1d00000,0x00000000f1d00000,0x00000000f2500000)
 ParOldGen       total 49152K, used 13040K [0x00000000c0000000, 0x00000000c3000000, 0x00000000eab00000)
  object space 49152K, 26% used [0x00000000c0000000,0x00000000c0cbc268,0x00000000c3000000)
 Metaspace       used 42636K, capacity 42834K, committed 43136K, reserved 1087488K
  class space    used 5851K, capacity 5909K, committed 6016K, reserved 1048576K
Event: 21.019 GC heap after
Heap after GC invocations=14 (full 2):
 PSYoungGen      total 114688K, used 8177K [0x00000000eab00000, 0x00000000f3280000, 0x0000000100000000)
  eden space 106496K, 0% used [0x00000000eab00000,0x00000000eab00000,0x00000000f1300000)
  from space 8192K, 99% used [0x00000000f1d00000,0x00000000f24fc418,0x00000000f2500000)
  to   space 10240K, 0% used [0x00000000f1300000,0x00000000f1300000,0x00000000f1d00000)
 ParOldGen       total 49152K, used 15427K [0x00000000c0000000, 0x00000000c3000000, 0x00000000eab00000)
  object space 49152K, 31% used [0x00000000c0000000,0x00000000c0f10ff8,0x00000000c3000000)
 Metaspace       used 42636K, capacity 42834K, committed 43136K, reserved 1087488K
  class space    used 5851K, capacity 5909K, committed 6016K, reserved 1048576K
}
Event: 44.845 GC heap before
{Heap before GC invocations=15 (full 2):
 PSYoungGen      total 114688K, used 114673K [0x00000000eab00000, 0x00000000f3280000, 0x0000000100000000)
  eden space 106496K, 100% used [0x00000000eab00000,0x00000000f1300000,0x00000000f1300000)
  from space 8192K, 99% used [0x00000000f1d00000,0x00000000f24fc418,0x00000000f2500000)
  to   space 10240K, 0% used [0x00000000f1300000,0x00000000f1300000,0x00000000f1d00000)
 ParOldGen       total 49152K, used 15427K [0x00000000c0000000, 0x00000000c3000000, 0x00000000eab00000)
  object space 49152K, 31% used [0x00000000c0000000,0x00000000c0f10ff8,0x00000000c3000000)
 Metaspace       used 48527K, capacity 48768K, committed 49152K, reserved 1091584K
  class space    used 6499K, capacity 6584K, committed 6656K, reserved 1048576K
Event: 44.863 GC heap after
Heap after GC invocations=15 (full 2):
 PSYoungGen      total 116736K, used 6653K [0x00000000eab00000, 0x00000000f3e80000, 0x0000000100000000)
  eden space 106496K, 0% used [0x00000000eab00000,0x00000000eab00000,0x00000000f1300000)
  from space 10240K, 64% used [0x00000000f1300000,0x00000000f197f760,0x00000000f1d00000)
  to   space 10240K, 0% used [0x00000000f3480000,0x00000000f3480000,0x00000000f3e80000)
 ParOldGen       total 49152K, used 17990K [0x00000000c0000000, 0x00000000c3000000, 0x00000000eab00000)
  object space 49152K, 36% used [0x00000000c0000000,0x00000000c1191b20,0x00000000c3000000)
 Metaspace       used 48527K, capacity 48768K, committed 49152K, reserved 1091584K
  class space    used 6499K, capacity 6584K, committed 6656K, reserved 1048576K
}
Event: 46.163 GC heap before
{Heap before GC invocations=16 (full 2):
 PSYoungGen      total 116736K, used 113149K [0x00000000eab00000, 0x00000000f3e80000, 0x0000000100000000)
  eden space 106496K, 100% used [0x00000000eab00000,0x00000000f1300000,0x00000000f1300000)
  from space 10240K, 64% used [0x00000000f1300000,0x00000000f197f760,0x00000000f1d00000)
  to   space 10240K, 0% used [0x00000000f3480000,0x00000000f3480000,0x00000000f3e80000)
 ParOldGen       total 49152K, used 17990K [0x00000000c0000000, 0x00000000c3000000, 0x00000000eab00000)
  object space 49152K, 36% used [0x00000000c0000000,0x00000000c1191b20,0x00000000c3000000)
 Metaspace       used 56211K, capacity 56436K, committed 56704K, reserved 1097728K
  class space    used 7699K, capacity 7773K, committed 7808K, reserved 1048576K
Event: 46.182 GC heap after
Heap after GC invocations=16 (full 2):
 PSYoungGen      total 139264K, used 9867K [0x00000000eab00000, 0x00000000f4400000, 0x0000000100000000)
  eden space 129024K, 0% used [0x00000000eab00000,0x00000000eab00000,0x00000000f2900000)
  from space 10240K, 96% used [0x00000000f3480000,0x00000000f3e22d38,0x00000000f3e80000)
  to   space 11776K, 0% used [0x00000000f2900000,0x00000000f2900000,0x00000000f3480000)
 ParOldGen       total 49152K, used 17998K [0x00000000c0000000, 0x00000000c3000000, 0x00000000eab00000)
  object space 49152K, 36% used [0x00000000c0000000,0x00000000c1193b20,0x00000000c3000000)
 Metaspace       used 56211K, capacity 56436K, committed 56704K, reserved 1097728K
  class space    used 7699K, capacity 7773K, committed 7808K, reserved 1048576K
}
Event: 46.509 GC heap before
{Heap before GC invocations=17 (full 2):
 PSYoungGen      total 139264K, used 31453K [0x00000000eab00000, 0x00000000f4400000, 0x0000000100000000)
  eden space 129024K, 16% used [0x00000000eab00000,0x00000000ec014918,0x00000000f2900000)
  from space 10240K, 96% used [0x00000000f3480000,0x00000000f3e22d38,0x00000000f3e80000)
  to   space 11776K, 0% used [0x00000000f2900000,0x00000000f2900000,0x00000000f3480000)
 ParOldGen       total 49152K, used 17998K [0x00000000c0000000, 0x00000000c3000000, 0x00000000eab00000)
  object space 49152K, 36% used [0x00000000c0000000,0x00000000c1193b20,0x00000000c3000000)
 Metaspace       used 58718K, capacity 58900K, committed 59136K, reserved 1099776K
  class space    used 8134K, capacity 8189K, committed 8192K, reserved 1048576K
Event: 46.517 GC heap after
Heap after GC invocations=17 (full 2):
 PSYoungGen      total 140800K, used 4292K [0x00000000eab00000, 0x00000000f6500000, 0x0000000100000000)
  eden space 129024K, 0% used [0x00000000eab00000,0x00000000eab00000,0x00000000f2900000)
  from space 11776K, 36% used [0x00000000f2900000,0x00000000f2d31398,0x00000000f3480000)
  to   space 11264K, 0% used [0x00000000f5a00000,0x00000000f5a00000,0x00000000f6500000)
 ParOldGen       total 49152K, used 17998K [0x00000000c0000000, 0x00000000c3000000, 0x00000000eab00000)
  object space 49152K, 36% used [0x00000000c0000000,0x00000000c1193b20,0x00000000c3000000)
 Metaspace       used 58718K, capacity 58900K, committed 59136K, reserved 1099776K
  class space    used 8134K, capacity 8189K, committed 8192K, reserved 1048576K
}
Event: 46.517 GC heap before
{Heap before GC invocations=18 (full 3):
 PSYoungGen      total 140800K, used 4292K [0x00000000eab00000, 0x00000000f6500000, 0x0000000100000000)
  eden space 129024K, 0% used [0x00000000eab00000,0x00000000eab00000,0x00000000f2900000)
  from space 11776K, 36% used [0x00000000f2900000,0x00000000f2d31398,0x00000000f3480000)
  to   space 11264K, 0% used [0x00000000f5a00000,0x00000000f5a00000,0x00000000f6500000)
 ParOldGen       total 49152K, used 17998K [0x00000000c0000000, 0x00000000c3000000, 0x00000000eab00000)
  object space 49152K, 36% used [0x00000000c0000000,0x00000000c1193b20,0x00000000c3000000)
 Metaspace       used 58718K, capacity 58900K, committed 59136K, reserved 1099776K
  class space    used 8134K, capacity 8189K, committed 8192K, reserved 1048576K
Event: 46.634 GC heap after
Heap after GC invocations=18 (full 3):
 PSYoungGen      total 140800K, used 0K [0x00000000eab00000, 0x00000000f6500000, 0x0000000100000000)
  eden space 129024K, 0% used [0x00000000eab00000,0x00000000eab00000,0x00000000f2900000)
  from space 11776K, 0% used [0x00000000f2900000,0x00000000f2900000,0x00000000f3480000)
  to   space 11264K, 0% used [0x00000000f5a00000,0x00000000f5a00000,0x00000000f6500000)
 ParOldGen       total 58880K, used 13489K [0x00000000c0000000, 0x00000000c3980000, 0x00000000eab00000)
  object space 58880K, 22% used [0x00000000c0000000,0x00000000c0d2c7f8,0x00000000c3980000)
 Metaspace       used 58718K, capacity 58900K, committed 59136K, reserved 1099776K
  class space    used 8134K, capacity 8189K, committed 8192K, reserved 1048576K
}
Event: 49.416 GC heap before
{Heap before GC invocations=19 (full 3):
 PSYoungGen      total 140800K, used 129024K [0x00000000eab00000, 0x00000000f6500000, 0x0000000100000000)
  eden space 129024K, 100% used [0x00000000eab00000,0x00000000f2900000,0x00000000f2900000)
  from space 11776K, 0% used [0x00000000f2900000,0x00000000f2900000,0x00000000f3480000)
  to   space 11264K, 0% used [0x00000000f5a00000,0x00000000f5a00000,0x00000000f6500000)
 ParOldGen       total 58880K, used 13489K [0x00000000c0000000, 0x00000000c3980000, 0x00000000eab00000)
  object space 58880K, 22% used [0x00000000c0000000,0x00000000c0d2c7f8,0x00000000c3980000)
 Metaspace       used 66562K, capacity 66820K, committed 67328K, reserved 1107968K
  class space    used 9376K, capacity 9441K, committed 9472K, reserved 1048576K
Event: 49.445 GC heap after
Heap after GC invocations=19 (full 3):
 PSYoungGen      total 177152K, used 11237K [0x00000000eab00000, 0x00000000f6d00000, 0x0000000100000000)
  eden space 165888K, 0% used [0x00000000eab00000,0x00000000eab00000,0x00000000f4d00000)
  from space 11264K, 99% used [0x00000000f5a00000,0x00000000f64f9768,0x00000000f6500000)
  to   space 13312K, 0% used [0x00000000f4d00000,0x00000000f4d00000,0x00000000f5a00000)
 ParOldGen       total 58880K, used 14830K [0x00000000c0000000, 0x00000000c3980000, 0x00000000eab00000)
  object space 58880K, 25% used [0x00000000c0000000,0x00000000c0e7ba90,0x00000000c3980000)
 Metaspace       used 66562K, capacity 66820K, committed 67328K, reserved 1107968K
  class space    used 9376K, capacity 9441K, committed 9472K, reserved 1048576K
}
Event: 55.556 GC heap before
{Heap before GC invocations=20 (full 3):
 PSYoungGen      total 177152K, used 177125K [0x00000000eab00000, 0x00000000f6d00000, 0x0000000100000000)
  eden space 165888K, 100% used [0x00000000eab00000,0x00000000f4d00000,0x00000000f4d00000)
  from space 11264K, 99% used [0x00000000f5a00000,0x00000000f64f9768,0x00000000f6500000)
  to   space 13312K, 0% used [0x00000000f4d00000,0x00000000f4d00000,0x00000000f5a00000)
 ParOldGen       total 58880K, used 14830K [0x00000000c0000000, 0x00000000c3980000, 0x00000000eab00000)
  object space 58880K, 25% used [0x00000000c0000000,0x00000000c0e7ba90,0x00000000c3980000)
 Metaspace       used 77468K, capacity 77964K, committed 78336K, reserved 1116160K
  class space    used 11029K, capacity 11158K, committed 11264K, reserved 1048576K

